<?xml version="1.0" encoding="UTF-8"?>
<testng-results ignored="0" total="1" passed="1" failed="0" skipped="0">
  <reporter-output>
  </reporter-output>
  <suite started-at="2025-03-06T08:46:04 IST" name="Default suite" finished-at="2025-03-06T08:46:08 IST" duration-ms="4100">
    <groups>
    </groups>
    <test started-at="2025-03-06T08:46:04 IST" name="Default test" finished-at="2025-03-06T08:46:08 IST" duration-ms="4100">
      <class name="com.intense.services.GetRegeneratedCAFStatus">
        <test-method signature="getRegeneratedCAFStatusResult()[pri:0, instance:com.intense.services.GetRegeneratedCAFStatus@17503f6b]" started-at="2025-03-06T08:46:04 IST" name="getRegeneratedCAFStatusResult" finished-at="2025-03-06T08:46:08 IST" duration-ms="4008" status="PASS">
          <reporter-output>
          </reporter-output>
        </test-method> <!-- getRegeneratedCAFStatusResult -->
      </class> <!-- com.intense.services.GetRegeneratedCAFStatus -->
    </test> <!-- Default test -->
  </suite> <!-- Default suite -->
</testng-results>
